<?xml version="1.0" encoding="UTF-8"?>
<coverage generated="1523448721536" clover="3.2.0">
  <project timestamp="1523448721536" name="All files">
    <metrics statements="51" coveredstatements="25" conditionals="12" coveredconditionals="0" methods="28" coveredmethods="1" elements="91" coveredelements="26" complexity="0" loc="51" ncloc="51" packages="5" files="10" classes="10">
      <package name="src.client">
        <metrics statements="3" coveredstatements="3" conditionals="0" coveredconditionals="0" methods="1" coveredmethods="1"/>
        <file name="app.jsx" path="D:\FrontCamp\React_2\src\client\app.jsx">
          <metrics statements="3" coveredstatements="3" conditionals="0" coveredconditionals="0" methods="1" coveredmethods="1"/>
          <line num="10" count="1" type="stmt"/>
          <line num="11" count="1" type="stmt"/>
          <line num="64" count="1" type="stmt"/>
        </file>
        <file name="routes.js" path="D:\FrontCamp\React_2\src\client\routes.js">
          <metrics statements="0" coveredstatements="0" conditionals="0" coveredconditionals="0" methods="0" coveredmethods="0"/>
        </file>
      </package>
      <package name="src.client.components.Blog">
        <metrics statements="8" coveredstatements="5" conditionals="0" coveredconditionals="0" methods="3" coveredmethods="0"/>
        <file name="Article.jsx" path="D:\FrontCamp\React_2\src\client\components\Blog\Article.jsx">
          <metrics statements="3" coveredstatements="2" conditionals="0" coveredconditionals="0" methods="1" coveredmethods="0"/>
          <line num="5" count="2" type="stmt"/>
          <line num="6" count="0" type="stmt"/>
          <line num="13" count="2" type="stmt"/>
        </file>
        <file name="Blog.jsx" path="D:\FrontCamp\React_2\src\client\components\Blog\Blog.jsx">
          <metrics statements="5" coveredstatements="3" conditionals="0" coveredconditionals="0" methods="2" coveredmethods="0"/>
          <line num="6" count="2" type="stmt"/>
          <line num="7" count="0" type="stmt"/>
          <line num="9" count="0" type="stmt"/>
          <line num="14" count="2" type="stmt"/>
          <line num="24" count="2" type="stmt"/>
        </file>
        <file name="index.js" path="D:\FrontCamp\React_2\src\client\components\Blog\index.js">
          <metrics statements="0" coveredstatements="0" conditionals="0" coveredconditionals="0" methods="0" coveredmethods="0"/>
        </file>
      </package>
      <package name="src.client.modules">
        <metrics statements="22" coveredstatements="9" conditionals="6" coveredconditionals="0" methods="12" coveredmethods="0"/>
        <file name="blog.js" path="D:\FrontCamp\React_2\src\client\modules\blog.js">
          <metrics statements="22" coveredstatements="9" conditionals="6" coveredconditionals="0" methods="12" coveredmethods="0"/>
          <line num="2" count="2" type="stmt"/>
          <line num="3" count="2" type="stmt"/>
          <line num="4" count="2" type="stmt"/>
          <line num="7" count="2" type="stmt"/>
          <line num="11" count="2" type="stmt"/>
          <line num="16" count="2" type="stmt"/>
          <line num="21" count="2" type="stmt"/>
          <line num="22" count="0" type="stmt"/>
          <line num="23" count="0" type="stmt"/>
          <line num="24" count="0" type="stmt"/>
          <line num="25" count="0" type="stmt"/>
          <line num="28" count="2" type="stmt"/>
          <line num="29" count="0" type="stmt"/>
          <line num="30" count="0" type="stmt"/>
          <line num="31" count="0" type="stmt"/>
          <line num="32" count="0" type="stmt"/>
          <line num="36" count="2" type="stmt"/>
          <line num="43" count="0" type="cond" truecount="0" falsecount="4"/>
          <line num="45" count="0" type="stmt"/>
          <line num="51" count="0" type="stmt"/>
          <line num="57" count="0" type="stmt"/>
          <line num="63" count="0" type="stmt"/>
        </file>
      </package>
      <package name="src.client.pages">
        <metrics statements="14" coveredstatements="4" conditionals="6" coveredconditionals="0" methods="12" coveredmethods="0"/>
        <file name="ArticlePage.jsx" path="D:\FrontCamp\React_2\src\client\pages\ArticlePage.jsx">
          <metrics statements="6" coveredstatements="2" conditionals="4" coveredconditionals="0" methods="5" coveredmethods="0"/>
          <line num="31" count="0" type="stmt"/>
          <line num="35" count="0" type="stmt"/>
          <line num="39" count="0" type="stmt"/>
          <line num="40" count="0" type="stmt"/>
          <line num="49" count="2" type="stmt"/>
          <line num="53" count="2" type="stmt"/>
        </file>
        <file name="BlogPage.jsx" path="D:\FrontCamp\React_2\src\client\pages\BlogPage.jsx">
          <metrics statements="6" coveredstatements="2" conditionals="2" coveredconditionals="0" methods="5" coveredmethods="0"/>
          <line num="21" count="0" type="stmt"/>
          <line num="25" count="0" type="stmt"/>
          <line num="29" count="0" type="stmt"/>
          <line num="30" count="0" type="stmt"/>
          <line num="39" count="2" type="stmt"/>
          <line num="43" count="2" type="stmt"/>
        </file>
        <file name="HomePage.jsx" path="D:\FrontCamp\React_2\src\client\pages\HomePage.jsx">
          <metrics statements="2" coveredstatements="0" conditionals="0" coveredconditionals="0" methods="2" coveredmethods="0"/>
          <line num="6" count="0" type="stmt"/>
          <line num="10" count="0" type="stmt"/>
        </file>
      </package>
      <package name="test">
        <metrics statements="4" coveredstatements="4" conditionals="0" coveredconditionals="0" methods="0" coveredmethods="0"/>
        <file name="jestsetup.js" path="D:\FrontCamp\React_2\test\jestsetup.js">
          <metrics statements="4" coveredstatements="4" conditionals="0" coveredconditionals="0" methods="0" coveredmethods="0"/>
          <line num="4" count="2" type="stmt"/>
          <line num="6" count="2" type="stmt"/>
          <line num="7" count="2" type="stmt"/>
          <line num="8" count="2" type="stmt"/>
        </file>
      </package>
    </metrics>
  </project>
</coverage>
