{"D:\\FrontCamp\\React_2\\src\\client\\app.jsx": {"path":"D:\\FrontCamp\\React_2\\src\\client\\app.jsx","statementMap":{"0":{"start":{"line":10,"column":12},"end":{"line":62,"column":1}},"1":{"start":{"line":11,"column":2},"end":{"line":61,"column":8}},"2":{"start":{"line":64,"column":0},"end":{"line":66,"column":2}}},"fnMap":{"0":{"name":"(anonymous_0)","decl":{"start":{"line":10,"column":12},"end":{"line":10,"column":13}},"loc":{"start":{"line":11,"column":2},"end":{"line":61,"column":8}},"line":11}},"branchMap":{},"s":{"0":1,"1":1,"2":1},"f":{"0":1},"b":{},"_coverageSchema":"332fd63041d2c1bcb487cc26dd0d5f7d97098a6c","hash":"380c37270e7d50f0002bb72ad802618fc2f3c1f3"}
,"D:\\FrontCamp\\React_2\\src\\client\\routes.js": {"path":"D:\\FrontCamp\\React_2\\src\\client\\routes.js","statementMap":{},"fnMap":{},"branchMap":{},"s":{},"f":{},"b":{},"_coverageSchema":"332fd63041d2c1bcb487cc26dd0d5f7d97098a6c","hash":"acb0494fd99bcd6110fa0e2999a1a13718bec69a"}
,"D:\\FrontCamp\\React_2\\src\\client\\components\\Blog\\Article.jsx": {"path":"D:\\FrontCamp\\React_2\\src\\client\\components\\Blog\\Article.jsx","statementMap":{"0":{"start":{"line":5,"column":16},"end":{"line":11,"column":1}},"1":{"start":{"line":6,"column":2},"end":{"line":10,"column":8}},"2":{"start":{"line":13,"column":0},"end":{"line":21,"column":2}}},"fnMap":{"0":{"name":"(anonymous_0)","decl":{"start":{"line":5,"column":16},"end":{"line":5,"column":17}},"loc":{"start":{"line":6,"column":2},"end":{"line":10,"column":8}},"line":6}},"branchMap":{},"s":{"0":2,"1":0,"2":2},"f":{"0":0},"b":{},"_coverageSchema":"332fd63041d2c1bcb487cc26dd0d5f7d97098a6c","hash":"e260b6b7b3a1da554d4a6af8d4e7324e0fa7936b"}
,"D:\\FrontCamp\\React_2\\src\\client\\components\\Blog\\Blog.jsx": {"path":"D:\\FrontCamp\\React_2\\src\\client\\components\\Blog\\Blog.jsx","statementMap":{"0":{"start":{"line":6,"column":13},"end":{"line":12,"column":1}},"1":{"start":{"line":7,"column":2},"end":{"line":11,"column":8}},"2":{"start":{"line":9,"column":6},"end":{"line":9,"column":43}},"3":{"start":{"line":14,"column":0},"end":{"line":22,"column":2}},"4":{"start":{"line":24,"column":0},"end":{"line":26,"column":2}}},"fnMap":{"0":{"name":"(anonymous_0)","decl":{"start":{"line":6,"column":13},"end":{"line":6,"column":14}},"loc":{"start":{"line":7,"column":2},"end":{"line":11,"column":8}},"line":7},"1":{"name":"(anonymous_1)","decl":{"start":{"line":8,"column":15},"end":{"line":8,"column":16}},"loc":{"start":{"line":9,"column":6},"end":{"line":9,"column":43}},"line":9}},"branchMap":{},"s":{"0":2,"1":0,"2":0,"3":2,"4":2},"f":{"0":0,"1":0},"b":{},"_coverageSchema":"332fd63041d2c1bcb487cc26dd0d5f7d97098a6c","hash":"87c72b6a87d9dacb06df56f86c1a9e0a5aea2311"}
,"D:\\FrontCamp\\React_2\\src\\client\\components\\Blog\\index.js": {"path":"D:\\FrontCamp\\React_2\\src\\client\\components\\Blog\\index.js","statementMap":{},"fnMap":{},"branchMap":{},"s":{},"f":{},"b":{},"_coverageSchema":"332fd63041d2c1bcb487cc26dd0d5f7d97098a6c","hash":"091839fa5780f8965cb2cf05c799c0ccd65c00df"}
,"D:\\FrontCamp\\React_2\\src\\client\\modules\\blog.js": {"path":"D:\\FrontCamp\\React_2\\src\\client\\modules\\blog.js","statementMap":{"0":{"start":{"line":2,"column":18},"end":{"line":2,"column":34}},"1":{"start":{"line":3,"column":20},"end":{"line":3,"column":38}},"2":{"start":{"line":4,"column":31},"end":{"line":4,"column":60}},"3":{"start":{"line":7,"column":24},"end":{"line":9,"column":2}},"4":{"start":{"line":7,"column":31},"end":{"line":9,"column":1}},"5":{"start":{"line":11,"column":26},"end":{"line":14,"column":2}},"6":{"start":{"line":11,"column":35},"end":{"line":14,"column":1}},"7":{"start":{"line":16,"column":36},"end":{"line":19,"column":2}},"8":{"start":{"line":16,"column":48},"end":{"line":19,"column":1}},"9":{"start":{"line":21,"column":25},"end":{"line":26,"column":1}},"10":{"start":{"line":21,"column":31},"end":{"line":26,"column":1}},"11":{"start":{"line":22,"column":2},"end":{"line":22,"column":23}},"12":{"start":{"line":23,"column":2},"end":{"line":25,"column":46}},"13":{"start":{"line":24,"column":17},"end":{"line":24,"column":27}},"14":{"start":{"line":25,"column":18},"end":{"line":25,"column":44}},"15":{"start":{"line":28,"column":32},"end":{"line":33,"column":1}},"16":{"start":{"line":28,"column":45},"end":{"line":33,"column":1}},"17":{"start":{"line":29,"column":2},"end":{"line":29,"column":23}},"18":{"start":{"line":30,"column":2},"end":{"line":32,"column":62}},"19":{"start":{"line":31,"column":17},"end":{"line":31,"column":27}},"20":{"start":{"line":32,"column":21},"end":{"line":32,"column":60}},"21":{"start":{"line":36,"column":22},"end":{"line":39,"column":1}},"22":{"start":{"line":43,"column":2},"end":{"line":64,"column":3}},"23":{"start":{"line":45,"column":6},"end":{"line":49,"column":8}},"24":{"start":{"line":51,"column":6},"end":{"line":55,"column":8}},"25":{"start":{"line":57,"column":6},"end":{"line":61,"column":8}},"26":{"start":{"line":63,"column":6},"end":{"line":63,"column":19}}},"fnMap":{"0":{"name":"(anonymous_0)","decl":{"start":{"line":7,"column":24},"end":{"line":7,"column":25}},"loc":{"start":{"line":7,"column":31},"end":{"line":9,"column":1}},"line":7},"1":{"name":"(anonymous_1)","decl":{"start":{"line":11,"column":26},"end":{"line":11,"column":27}},"loc":{"start":{"line":11,"column":35},"end":{"line":14,"column":1}},"line":11},"2":{"name":"(anonymous_2)","decl":{"start":{"line":16,"column":36},"end":{"line":16,"column":37}},"loc":{"start":{"line":16,"column":48},"end":{"line":19,"column":1}},"line":16},"3":{"name":"(anonymous_3)","decl":{"start":{"line":21,"column":25},"end":{"line":21,"column":26}},"loc":{"start":{"line":21,"column":31},"end":{"line":26,"column":1}},"line":21},"4":{"name":"(anonymous_4)","decl":{"start":{"line":21,"column":31},"end":{"line":21,"column":32}},"loc":{"start":{"line":21,"column":45},"end":{"line":26,"column":1}},"line":21},"5":{"name":"(anonymous_5)","decl":{"start":{"line":24,"column":10},"end":{"line":24,"column":11}},"loc":{"start":{"line":24,"column":17},"end":{"line":24,"column":27}},"line":24},"6":{"name":"(anonymous_6)","decl":{"start":{"line":25,"column":10},"end":{"line":25,"column":11}},"loc":{"start":{"line":25,"column":18},"end":{"line":25,"column":44}},"line":25},"7":{"name":"(anonymous_7)","decl":{"start":{"line":28,"column":32},"end":{"line":28,"column":33}},"loc":{"start":{"line":28,"column":45},"end":{"line":33,"column":1}},"line":28},"8":{"name":"(anonymous_8)","decl":{"start":{"line":28,"column":45},"end":{"line":28,"column":46}},"loc":{"start":{"line":28,"column":59},"end":{"line":33,"column":1}},"line":28},"9":{"name":"(anonymous_9)","decl":{"start":{"line":31,"column":10},"end":{"line":31,"column":11}},"loc":{"start":{"line":31,"column":17},"end":{"line":31,"column":27}},"line":31},"10":{"name":"(anonymous_10)","decl":{"start":{"line":32,"column":10},"end":{"line":32,"column":11}},"loc":{"start":{"line":32,"column":21},"end":{"line":32,"column":60}},"line":32},"11":{"name":"(anonymous_11)","decl":{"start":{"line":42,"column":15},"end":{"line":42,"column":16}},"loc":{"start":{"line":42,"column":55},"end":{"line":65,"column":1}},"line":42}},"branchMap":{"0":{"loc":{"start":{"line":42,"column":16},"end":{"line":42,"column":37}},"type":"default-arg","locations":[{"start":{"line":42,"column":24},"end":{"line":42,"column":37}}],"line":42},"1":{"loc":{"start":{"line":42,"column":39},"end":{"line":42,"column":50}},"type":"default-arg","locations":[{"start":{"line":42,"column":48},"end":{"line":42,"column":50}}],"line":42},"2":{"loc":{"start":{"line":43,"column":2},"end":{"line":64,"column":3}},"type":"switch","locations":[{"start":{"line":44,"column":4},"end":{"line":49,"column":8}},{"start":{"line":50,"column":4},"end":{"line":55,"column":8}},{"start":{"line":56,"column":4},"end":{"line":61,"column":8}},{"start":{"line":62,"column":4},"end":{"line":63,"column":19}}],"line":43}},"s":{"0":2,"1":2,"2":2,"3":2,"4":0,"5":2,"6":0,"7":2,"8":0,"9":2,"10":0,"11":0,"12":0,"13":0,"14":0,"15":2,"16":0,"17":0,"18":0,"19":0,"20":0,"21":2,"22":0,"23":0,"24":0,"25":0,"26":0},"f":{"0":0,"1":0,"2":0,"3":0,"4":0,"5":0,"6":0,"7":0,"8":0,"9":0,"10":0,"11":0},"b":{"0":[0],"1":[0],"2":[0,0,0,0]},"_coverageSchema":"332fd63041d2c1bcb487cc26dd0d5f7d97098a6c","hash":"176323156749faa7d7153acadc3326db95425f38"}
,"D:\\FrontCamp\\React_2\\src\\client\\pages\\ArticlePage.jsx": {"path":"D:\\FrontCamp\\React_2\\src\\client\\pages\\ArticlePage.jsx","statementMap":{"0":{"start":{"line":31,"column":4},"end":{"line":31,"column":62}},"1":{"start":{"line":35,"column":4},"end":{"line":35,"column":67}},"2":{"start":{"line":39,"column":33},"end":{"line":39,"column":43}},"3":{"start":{"line":40,"column":4},"end":{"line":45,"column":6}},"4":{"start":{"line":49,"column":24},"end":{"line":52,"column":2}},"5":{"start":{"line":49,"column":34},"end":{"line":52,"column":1}},"6":{"start":{"line":53,"column":27},"end":{"line":55,"column":12}},"7":{"start":{"line":53,"column":39},"end":{"line":55,"column":12}}},"fnMap":{"0":{"name":"(anonymous_0)","decl":{"start":{"line":30,"column":2},"end":{"line":30,"column":3}},"loc":{"start":{"line":30,"column":36},"end":{"line":32,"column":3}},"line":30},"1":{"name":"(anonymous_1)","decl":{"start":{"line":34,"column":2},"end":{"line":34,"column":3}},"loc":{"start":{"line":34,"column":22},"end":{"line":36,"column":3}},"line":34},"2":{"name":"(anonymous_2)","decl":{"start":{"line":38,"column":2},"end":{"line":38,"column":3}},"loc":{"start":{"line":38,"column":11},"end":{"line":46,"column":3}},"line":38},"3":{"name":"(anonymous_3)","decl":{"start":{"line":49,"column":24},"end":{"line":49,"column":25}},"loc":{"start":{"line":49,"column":34},"end":{"line":52,"column":1}},"line":49},"4":{"name":"(anonymous_4)","decl":{"start":{"line":53,"column":27},"end":{"line":53,"column":28}},"loc":{"start":{"line":53,"column":39},"end":{"line":55,"column":12}},"line":53}},"branchMap":{"0":{"loc":{"start":{"line":43,"column":9},"end":{"line":43,"column":100}},"type":"cond-expr","locations":[{"start":{"line":43,"column":31},"end":{"line":43,"column":52}},{"start":{"line":43,"column":55},"end":{"line":43,"column":100}}],"line":43},"1":{"loc":{"start":{"line":43,"column":9},"end":{"line":43,"column":28}},"type":"binary-expr","locations":[{"start":{"line":43,"column":9},"end":{"line":43,"column":16}},{"start":{"line":43,"column":20},"end":{"line":43,"column":28}}],"line":43}},"s":{"0":0,"1":0,"2":0,"3":0,"4":2,"5":0,"6":2,"7":0},"f":{"0":0,"1":0,"2":0,"3":0,"4":0},"b":{"0":[0,0],"1":[0,0]},"_coverageSchema":"332fd63041d2c1bcb487cc26dd0d5f7d97098a6c","hash":"b7ad506a3eaf8d1182fae9b65300641c161e357c"}
,"D:\\FrontCamp\\React_2\\src\\client\\pages\\BlogPage.jsx": {"path":"D:\\FrontCamp\\React_2\\src\\client\\pages\\BlogPage.jsx","statementMap":{"0":{"start":{"line":21,"column":6},"end":{"line":21,"column":35}},"1":{"start":{"line":25,"column":4},"end":{"line":25,"column":27}},"2":{"start":{"line":29,"column":30},"end":{"line":29,"column":40}},"3":{"start":{"line":30,"column":4},"end":{"line":35,"column":6}},"4":{"start":{"line":39,"column":24},"end":{"line":42,"column":2}},"5":{"start":{"line":39,"column":34},"end":{"line":42,"column":1}},"6":{"start":{"line":43,"column":27},"end":{"line":45,"column":12}},"7":{"start":{"line":43,"column":39},"end":{"line":45,"column":12}}},"fnMap":{"0":{"name":"(anonymous_0)","decl":{"start":{"line":20,"column":2},"end":{"line":20,"column":3}},"loc":{"start":{"line":20,"column":29},"end":{"line":22,"column":5}},"line":20},"1":{"name":"(anonymous_1)","decl":{"start":{"line":24,"column":2},"end":{"line":24,"column":3}},"loc":{"start":{"line":24,"column":22},"end":{"line":26,"column":3}},"line":24},"2":{"name":"(anonymous_2)","decl":{"start":{"line":28,"column":2},"end":{"line":28,"column":3}},"loc":{"start":{"line":28,"column":11},"end":{"line":36,"column":3}},"line":28},"3":{"name":"(anonymous_3)","decl":{"start":{"line":39,"column":24},"end":{"line":39,"column":25}},"loc":{"start":{"line":39,"column":34},"end":{"line":42,"column":1}},"line":39},"4":{"name":"(anonymous_4)","decl":{"start":{"line":43,"column":27},"end":{"line":43,"column":28}},"loc":{"start":{"line":43,"column":39},"end":{"line":45,"column":12}},"line":43}},"branchMap":{"0":{"loc":{"start":{"line":33,"column":9},"end":{"line":33,"column":64}},"type":"cond-expr","locations":[{"start":{"line":33,"column":19},"end":{"line":33,"column":40}},{"start":{"line":33,"column":43},"end":{"line":33,"column":64}}],"line":33}},"s":{"0":0,"1":0,"2":0,"3":0,"4":2,"5":0,"6":2,"7":0},"f":{"0":0,"1":0,"2":0,"3":0,"4":0},"b":{"0":[0,0]},"_coverageSchema":"332fd63041d2c1bcb487cc26dd0d5f7d97098a6c","hash":"09b90a7f7931202b357e2f3bd84aa3d9544f39d0"}
,"D:\\FrontCamp\\React_2\\src\\client\\pages\\HomePage.jsx": {"path":"D:\\FrontCamp\\React_2\\src\\client\\pages\\HomePage.jsx","statementMap":{"0":{"start":{"line":6,"column":4},"end":{"line":6,"column":17}},"1":{"start":{"line":10,"column":4},"end":{"line":22,"column":6}}},"fnMap":{"0":{"name":"(anonymous_0)","decl":{"start":{"line":5,"column":2},"end":{"line":5,"column":3}},"loc":{"start":{"line":5,"column":21},"end":{"line":7,"column":3}},"line":5},"1":{"name":"(anonymous_1)","decl":{"start":{"line":9,"column":2},"end":{"line":9,"column":3}},"loc":{"start":{"line":9,"column":11},"end":{"line":23,"column":3}},"line":9}},"branchMap":{},"s":{"0":0,"1":0},"f":{"0":0,"1":0},"b":{},"_coverageSchema":"332fd63041d2c1bcb487cc26dd0d5f7d97098a6c","hash":"26d96d4b7da0333989b0643ef2e03dbeb16058cf"}
,"D:\\FrontCamp\\React_2\\test\\jestsetup.js": {"path":"D:\\FrontCamp\\React_2\\test\\jestsetup.js","statementMap":{"0":{"start":{"line":4,"column":0},"end":{"line":4,"column":45}},"1":{"start":{"line":6,"column":0},"end":{"line":6,"column":25}},"2":{"start":{"line":7,"column":0},"end":{"line":7,"column":23}},"3":{"start":{"line":8,"column":0},"end":{"line":8,"column":21}}},"fnMap":{},"branchMap":{},"s":{"0":2,"1":2,"2":2,"3":2},"f":{},"b":{},"_coverageSchema":"332fd63041d2c1bcb487cc26dd0d5f7d97098a6c","hash":"14bcb18d7b115ccdae9fe14e32d6ef1cf3dc9c9f"}
}
